0 info it worked if it ends with ok
1 verbose cli [ 'C:\\Program Files\\nodejs\\node.exe',
1 verbose cli   'C:\\Program Files\\nodejs\\node_modules\\npm\\bin\\npm-cli.js',
1 verbose cli   'run',
1 verbose cli   'server-dev' ]
2 info using npm@6.4.1
3 info using node@v10.15.3
4 verbose run-script [ 'preserver-dev', 'server-dev', 'postserver-dev' ]
5 info lifecycle github-fetcher-fullstack-v2@1.0.0~preserver-dev: github-fetcher-fullstack-v2@1.0.0
6 info lifecycle github-fetcher-fullstack-v2@1.0.0~server-dev: github-fetcher-fullstack-v2@1.0.0
7 verbose lifecycle github-fetcher-fullstack-v2@1.0.0~server-dev: unsafe-perm in lifecycle true
8 verbose lifecycle github-fetcher-fullstack-v2@1.0.0~server-dev: PATH: C:\Program Files\nodejs\node_modules\npm\node_modules\npm-lifecycle\node-gyp-bin;C:\Users\Saif Muhiar\Desktop\LPNEW\AngularStarterNew\node_modules\.bin;C:\Program Files\Git\mingw64\bin;C:\Program Files\Git\usr\bin;C:\Users\Saif Muhiar\bin;C:\Program Files (x86)\Razer Chroma SDK\bin;C:\Program Files\Razer Chroma SDK\bin;C:\Program Files (x86)\Razer\ChromaBroadcast\bin;C:\Program Files\Razer\ChromaBroadcast\bin;C:\Program Files (x86)\Common Files\Oracle\Java\javapath;C:\ProgramData\Oracle\Java\javapath;C:\Program Files (x86)\NVIDIA Corporation\PhysX\Common;C:\WINDOWS\system32;C:\WINDOWS;C:\WINDOWS\System32\Wbem;C:\WINDOWS\System32\WindowsPowerShell\v1.0;C:\Program Files (x86)\Windows Live\Shared;C:\Program Files (x86)\ATI Technologies\ATI.ACE\Core-Static;C:\WINDOWS\system32;C:\WINDOWS;C:\WINDOWS\System32\Wbem;C:\WINDOWS\System32\WindowsPowerShell\v1.0;C:\Program Files (x86)\AMD\ATI.ACE\Core-Static;C:\WINDOWS\System32\OpenSSH;C:\WINDOWS\system32\config\systemprofile\AppData\Local\Microsoft\WindowsApps;C:\Program Files\nodejs;C:\Users\Saif Muhiar\AppData\Local\Microsoft\WindowsApps;C:\Users\Saif Muhiar\AppData\Local\Programs\Microsoft VS Code\bin;C:\Users\Saif Muhiar\AppData\Roaming\npm
9 verbose lifecycle github-fetcher-fullstack-v2@1.0.0~server-dev: CWD: C:\Users\Saif Muhiar\Desktop\LPNEW\AngularStarterNew
10 silly lifecycle github-fetcher-fullstack-v2@1.0.0~server-dev: Args: [ '/d /s /c', 'nodemon server/index.js' ]
11 silly lifecycle github-fetcher-fullstack-v2@1.0.0~server-dev: Returned: code: 1  signal: null
12 info lifecycle github-fetcher-fullstack-v2@1.0.0~server-dev: Failed to exec server-dev script
13 verbose stack Error: github-fetcher-fullstack-v2@1.0.0 server-dev: `nodemon server/index.js`
13 verbose stack Exit status 1
13 verbose stack     at EventEmitter.<anonymous> (C:\Program Files\nodejs\node_modules\npm\node_modules\npm-lifecycle\index.js:301:16)
13 verbose stack     at EventEmitter.emit (events.js:189:13)
13 verbose stack     at ChildProcess.<anonymous> (C:\Program Files\nodejs\node_modules\npm\node_modules\npm-lifecycle\lib\spawn.js:55:14)
13 verbose stack     at ChildProcess.emit (events.js:189:13)
13 verbose stack     at maybeClose (internal/child_process.js:970:16)
13 verbose stack     at Process.ChildProcess._handle.onexit (internal/child_process.js:259:5)
14 verbose pkgid github-fetcher-fullstack-v2@1.0.0
15 verbose cwd C:\Users\Saif Muhiar\Desktop\LPNEW\AngularStarterNew
16 verbose Windows_NT 10.0.17763
17 verbose argv "C:\\Program Files\\nodejs\\node.exe" "C:\\Program Files\\nodejs\\node_modules\\npm\\bin\\npm-cli.js" "run" "server-dev"
18 verbose node v10.15.3
19 verbose npm  v6.4.1
20 error code ELIFECYCLE
21 error errno 1
22 error github-fetcher-fullstack-v2@1.0.0 server-dev: `nodemon server/index.js`
22 error Exit status 1
23 error Failed at the github-fetcher-fullstack-v2@1.0.0 server-dev script.
23 error This is probably not a problem with npm. There is likely additional logging output above.
24 verbose exit [ 1, true ]
